#
# There is insufficient memory for the Java Runtime Environment to continue.
# Native memory allocation (mmap) failed to map 536870912 bytes for G1 virtual space
# Possible reasons:
#   The system is out of physical RAM or swap space
#   The process is running with CompressedOops enabled, and the Java Heap may be blocking the growth of the native heap
# Possible solutions:
#   Reduce memory load on the system
#   Increase physical memory or swap space
#   Check if swap backing store is full
#   Decrease Java heap size (-Xmx/-Xms)
#   Decrease number of Java threads
#   Decrease Java thread stack sizes (-Xss)
#   Set larger code cache with -XX:ReservedCodeCacheSize=
#   JVM is running with Zero Based Compressed Oops mode in which the Java heap is
#     placed in the first 32GB address space. The Java Heap base address is the
#     maximum limit for the native heap growth. Please use -XX:HeapBaseMinAddress
#     to set the Java Heap base and to place the Java Heap above 32GB virtual address.
# This output file may be truncated or incomplete.
#
#  Out of Memory Error (os_windows.cpp:3747), pid=30672, tid=36616
#
# JRE version:  (17.0.3+7) (build )
# Java VM: OpenJDK 64-Bit Server VM (17.0.3+7-b469.37, mixed mode, sharing, tiered, compressed oops, compressed class ptrs, g1 gc, windows-amd64)
# No core dump will be written. Minidumps are not enabled by default on client versions of Windows
#

---------------  S U M M A R Y ------------

Command Line: com.intellij.util.ReadEnv

Host: AMD Ryzen 7 5800H with Radeon Graphics         , 16 cores, 31G,  Windows 11 , 64 bit Build 22000 (10.0.22000.1335)
Time: Sat Apr 15 01:53:15 2023  Windows 11 , 64 bit Build 22000 (10.0.22000.1335) elapsed time: 0.019922 seconds (0d 0h 0m 0s)

---------------  T H R E A D  ---------------

Current thread (0x0000017cb2af8240):  JavaThread "Unknown thread" [_thread_in_vm, id=36616, stack(0x000000143cf00000,0x000000143d000000)]

Stack: [0x000000143cf00000,0x000000143d000000]
Native frames: (J=compiled Java code, j=interpreted, Vv=VM code, C=native code)
V  [jvm.dll+0x681f8a]
V  [jvm.dll+0x83e374]
V  [jvm.dll+0x83fb1e]
V  [jvm.dll+0x840183]
V  [jvm.dll+0x2492a5]
V  [jvm.dll+0x67ee59]
V  [jvm.dll+0x67355a]
V  [jvm.dll+0x308fab]
V  [jvm.dll+0x310466]
V  [jvm.dll+0x3601de]
V  [jvm.dll+0x36040f]
V  [jvm.dll+0x2df098]
V  [jvm.dll+0x2e0004]
V  [jvm.dll+0x80fc61]
V  [jvm.dll+0x36df61]
V  [jvm.dll+0x7ef17c]
V  [jvm.dll+0x3f10ef]
V  [jvm.dll+0x3f2c31]
C  [jli.dll+0x526b]
C  [ucrtbase.dll+0x26c0c]
C  [KERNEL32.DLL+0x155a0]
C  [ntdll.dll+0x485b]


---------------  P R O C E S S  ---------------

Threads class SMR info:
_java_thread_list=0x00007ffc88326f18, length=0, elements={
}

Java Threads: ( => current thread )

Other Threads:
  0x0000017cb2ba7680 GCTaskThread "GC Thread#0" [stack: 0x000000143d000000,0x000000143d100000] [id=44912]
  0x0000017cb2bb8490 ConcurrentGCThread "G1 Main Marker" [stack: 0x000000143d100000,0x000000143d200000] [id=68944]
  0x0000017cb2bb9000 ConcurrentGCThread "G1 Conc#0" [stack: 0x000000143d200000,0x000000143d300000] [id=58992]

[error occurred during error reporting (printing all threads), id 0xc0000005, EXCEPTION_ACCESS_VIOLATION (0xc0000005) at pc=0x00007ffc87adfc57]

VM state: not at safepoint (not fully initialized)

VM Mutex/Monitor currently owned by a thread:  ([mutex/lock_event])
[0x0000017cb2af41b0] Heap_lock - owner thread: 0x0000017cb2af8240

Heap address: 0x0000000602400000, size: 8156 MB, Compressed Oops mode: Zero based, Oop shift amount: 3

CDS archive(s) mapped at: [0x0000000000000000-0x0000000000000000-0x0000000000000000), size 0, SharedBaseAddress: 0x0000000800000000, ArchiveRelocationMode: 0.
Narrow klass base: 0x0000000000000000, Narrow klass shift: 0, Narrow klass range: 0x0

GC Precious Log:
<Empty>

Heap:
 garbage-first heap   total 0K, used 0K [0x0000000602400000, 0x0000000800000000)
  region size 4096K, 0 young (0K), 0 survivors (0K)

[error occurred during error reporting (printing heap information), id 0xc0000005, EXCEPTION_ACCESS_VIOLATION (0xc0000005) at pc=0x00007ffc87ecbbd9]

GC Heap History (0 events):
No events

Deoptimization events (0 events):
No events

Classes unloaded (0 events):
No events

Classes redefined (0 events):
No events

Internal exceptions (0 events):
No events

VM Operations (0 events):
No events

Events (1 events):
Event: 0.012 Loaded shared library C:\Program Files\JetBrains\PyCharm Community Edition 2022.2.1\jbr\bin\java.dll


Dynamic libraries:
0x00007ff6ba800000 - 0x00007ff6ba80a000 	C:\Program Files\JetBrains\PyCharm Community Edition 2022.2.1\jbr\bin\java.exe
0x00007ffd435e0000 - 0x00007ffd437e9000 	C:\Windows\SYSTEM32\ntdll.dll
0x00007ffd427f0000 - 0x00007ffd428ae000 	C:\Windows\System32\KERNEL32.DLL
0x00007ffd40c20000 - 0x00007ffd40f9b000 	C:\Windows\System32\KERNELBASE.dll
0x00007ffd411b0000 - 0x00007ffd412c1000 	C:\Windows\System32\ucrtbase.dll
0x00007ffd021e0000 - 0x00007ffd021f7000 	C:\Program Files\JetBrains\PyCharm Community Edition 2022.2.1\jbr\bin\jli.dll
0x00007ffd414f0000 - 0x00007ffd4169d000 	C:\Windows\System32\USER32.dll
0x00007ffd40b30000 - 0x00007ffd40b56000 	C:\Windows\System32\win32u.dll
0x00007ffd41f10000 - 0x00007ffd41f39000 	C:\Windows\System32\GDI32.dll
0x00007ffd021c0000 - 0x00007ffd021db000 	C:\Program Files\JetBrains\PyCharm Community Edition 2022.2.1\jbr\bin\VCRUNTIME140.dll
0x00007ffd41340000 - 0x00007ffd41458000 	C:\Windows\System32\gdi32full.dll
0x00007ffd41110000 - 0x00007ffd411ad000 	C:\Windows\System32\msvcp_win.dll
0x00007ffd33120000 - 0x00007ffd333c5000 	C:\Windows\WinSxS\amd64_microsoft.windows.common-controls_6595b64144ccf1df_6.0.22000.120_none_9d947278b86cc467\COMCTL32.dll
0x00007ffd416a0000 - 0x00007ffd41743000 	C:\Windows\System32\msvcrt.dll
0x00007ffd42e10000 - 0x00007ffd42e42000 	C:\Windows\System32\IMM32.DLL
0x00007ffd156e0000 - 0x00007ffd156ec000 	C:\Program Files\JetBrains\PyCharm Community Edition 2022.2.1\jbr\bin\vcruntime140_1.dll
0x00007ffcbf720000 - 0x00007ffcbf7ad000 	C:\Program Files\JetBrains\PyCharm Community Edition 2022.2.1\jbr\bin\msvcp140.dll
0x00007ffc877f0000 - 0x00007ffc88458000 	C:\Program Files\JetBrains\PyCharm Community Edition 2022.2.1\jbr\bin\server\jvm.dll
0x00007ffd41ff0000 - 0x00007ffd4209e000 	C:\Windows\System32\ADVAPI32.dll
0x00007ffd41f50000 - 0x00007ffd41fee000 	C:\Windows\System32\sechost.dll
0x00007ffd433a0000 - 0x00007ffd434c0000 	C:\Windows\System32\RPCRT4.dll
0x00007ffd430c0000 - 0x00007ffd430c8000 	C:\Windows\System32\PSAPI.DLL
0x00007ffd3c430000 - 0x00007ffd3c439000 	C:\Windows\SYSTEM32\WSOCK32.dll
0x00007ffd38cc0000 - 0x00007ffd38cf3000 	C:\Windows\SYSTEM32\WINMM.dll
0x00007ffd430d0000 - 0x00007ffd4313f000 	C:\Windows\System32\WS2_32.dll
0x00007ffd38230000 - 0x00007ffd3823a000 	C:\Windows\SYSTEM32\VERSION.dll
0x00007ffd3fc20000 - 0x00007ffd3fc38000 	C:\Windows\SYSTEM32\kernel.appcore.dll
0x00007ffd201a0000 - 0x00007ffd201aa000 	C:\Program Files\JetBrains\PyCharm Community Edition 2022.2.1\jbr\bin\jimage.dll
0x00007ffd3e510000 - 0x00007ffd3e731000 	C:\Windows\SYSTEM32\DBGHELP.DLL
0x00007ffd25920000 - 0x00007ffd25951000 	C:\Windows\SYSTEM32\dbgcore.DLL
0x00007ffd40ab0000 - 0x00007ffd40b2f000 	C:\Windows\System32\bcryptPrimitives.dll
0x00007ffd1a630000 - 0x00007ffd1a655000 	C:\Program Files\JetBrains\PyCharm Community Edition 2022.2.1\jbr\bin\java.dll

dbghelp: loaded successfully - version: 4.0.5 - missing functions: none
symbol engine: initialized successfully - sym options: 0x614 - pdb path: .;C:\Program Files\JetBrains\PyCharm Community Edition 2022.2.1\jbr\bin;C:\Windows\SYSTEM32;C:\Windows\WinSxS\amd64_microsoft.windows.common-controls_6595b64144ccf1df_6.0.22000.120_none_9d947278b86cc467;C:\Program Files\JetBrains\PyCharm Community Edition 2022.2.1\jbr\bin\server

VM Arguments:
java_command: com.intellij.util.ReadEnv
java_class_path (initial): C:\Program Files\JetBrains\PyCharm Community Edition 2022.2.1\lib\util_rt.jar
Launcher Type: SUN_STANDARD

[Global flags]
     intx CICompilerCount                          = 12                                        {product} {ergonomic}
     uint ConcGCThreads                            = 3                                         {product} {ergonomic}
     uint G1ConcRefinementThreads                  = 13                                        {product} {ergonomic}
   size_t G1HeapRegionSize                         = 4194304                                   {product} {ergonomic}
    uintx GCDrainStackTargetSize                   = 64                                        {product} {ergonomic}
   size_t InitialHeapSize                          = 536870912                                 {product} {ergonomic}
   size_t MarkStackSize                            = 4194304                                   {product} {ergonomic}
   size_t MaxHeapSize                              = 8552185856                                {product} {ergonomic}
   size_t MinHeapDeltaBytes                        = 4194304                                   {product} {ergonomic}
   size_t MinHeapSize                              = 8388608                                   {product} {ergonomic}
    uintx NonNMethodCodeHeapSize                   = 7602480                                {pd product} {ergonomic}
    uintx NonProfiledCodeHeapSize                  = 122027880                              {pd product} {ergonomic}
    uintx ProfiledCodeHeapSize                     = 122027880                              {pd product} {ergonomic}
    uintx ReservedCodeCacheSize                    = 251658240                              {pd product} {ergonomic}
     bool SegmentedCodeCache                       = true                                      {product} {ergonomic}
   size_t SoftMaxHeapSize                          = 8552185856                             {manageable} {ergonomic}
     bool UseCompressedClassPointers               = true                           {product lp64_product} {ergonomic}
     bool UseCompressedOops                        = true                           {product lp64_product} {ergonomic}
     bool UseG1GC                                  = true                                      {product} {ergonomic}
     bool UseLargePagesIndividualAllocation        = false                                  {pd product} {ergonomic}

Logging:
Log output configuration:
 #0: stdout all=warning uptime,level,tags
 #1: stderr all=off uptime,level,tags

Environment Variables:
JAVA_HOME=C:\Program Files\Java\jdk-17
PATH=D:\Django_GP\Django_GP\Django-env\Scripts;C:\Program Files\Common Files\Oracle\Java\javapath;D:\VMware\VMware Player\bin\;C:\Program Files (x86)\Common Files\Oracle\Java\javapath;C:\Windows\system32;C:\Windows;C:\Windows\System32\Wbem;C:\Windows\System32\WindowsPowerShell\v1.0\;C:\Windows\System32\OpenSSH\;C:\Program Files (x86)\EasyShare\x86\;C:\Program Files (x86)\EasyShare\x64\;C:\Users\sora\Desktop\杂\ffmpeg-2022-09-29-git-8089fe072e-full_build\bin;;C:\Program Files\Git\cmd;C:\Program Files\dotnet\;C:\Program Files (x86)\NVIDIA Corporation\PhysX\Common;C:\Users\sora\AppData\Local\Programs\Python\Python310\;C:\Users\sora\AppData\Local\Programs\Python\Python310\Scripts;D:\msys64\mingw64\bin;C:\Users\sora\AppData\Local\Microsoft\WindowsApps;C:\Users\sora\AppData\Local\Programs\Microsoft VS Code\bin;C:\Program Files (x86)\ffmpeg-2022-12-25full_build\bin;C:\Users\sora\AppData\Local\GitHubDesktop\bin;D:\Program Files\JetBrains\CLion 2022.3.2\bin;
USERNAME=sora
OS=Windows_NT
PROCESSOR_IDENTIFIER=AMD64 Family 25 Model 80 Stepping 0, AuthenticAMD



---------------  S Y S T E M  ---------------

OS:
 Windows 11 , 64 bit Build 22000 (10.0.22000.1335)
OS uptime: 12 days 5:44 hours

CPU: total 16 (initial active 16) (16 cores per cpu, 2 threads per core) family 25 model 80 stepping 0 microcode 0x0, cx8, cmov, fxsr, ht, mmx, 3dnowpref, sse, sse2, sse3, ssse3, sse4a, sse4.1, sse4.2, popcnt, lzcnt, tsc, tscinvbit, avx, avx2, aes, erms, clmul, bmi1, bmi2, adx, sha, fma, vzeroupper, clflush, clflushopt

Memory: 4k page, system-wide physical 32620M (9133M free)
TotalPageFile size 36598M (AvailPageFile size 105M)
current process WorkingSet (physical memory assigned to process): 10M, peak: 10M
current process commit charge ("private bytes"): 71M, peak: 582M

vm_info: OpenJDK 64-Bit Server VM (17.0.3+7-b469.37) for windows-amd64 JRE (17.0.3+7-b469.37), built on 2022-08-01 by "builduser" with MS VC++ 16.10 / 16.11 (VS2019)

END.
